1526285742.526938 server started, pid 12226
1526285742.527088 continuing cmdq 0x55632c74bf90: flags=0, client=-1
1526285742.527103 cmdq 0x55632c74bf90: bind-key C-b send-prefix
1526285742.527126 continuing cmdq 0x55632c74bf90: flags=0, client=-1
1526285742.527135 cmdq 0x55632c74bf90: bind-key C-o rotate-window
1526285742.527152 continuing cmdq 0x55632c74bf90: flags=0, client=-1
1526285742.527160 cmdq 0x55632c74bf90: bind-key C-z suspend-client
1526285742.527180 continuing cmdq 0x55632c74bf90: flags=0, client=-1
1526285742.527188 cmdq 0x55632c74bf90: bind-key Space next-layout
1526285742.527210 continuing cmdq 0x55632c74bf90: flags=0, client=-1
1526285742.527218 cmdq 0x55632c74bf90: bind-key ! break-pane
1526285742.527230 continuing cmdq 0x55632c74bf90: flags=0, client=-1
1526285742.527238 cmdq 0x55632c74bf90: bind-key " split-window
1526285742.527255 continuing cmdq 0x55632c74bf90: flags=0, client=-1
1526285742.527263 cmdq 0x55632c74bf90: bind-key # list-buffers
1526285742.527280 continuing cmdq 0x55632c74bf90: flags=0, client=-1
1526285742.527291 cmdq 0x55632c74bf90: bind-key $ command-prompt -I#S "rename-session '%%'"
1526285742.527306 continuing cmdq 0x55632c74bf90: flags=0, client=-1
1526285742.527315 cmdq 0x55632c74bf90: bind-key % split-window -h
1526285742.527336 continuing cmdq 0x55632c74bf90: flags=0, client=-1
1526285742.527347 cmdq 0x55632c74bf90: bind-key & confirm-before "-pkill-window #W? (y/n)" kill-window
1526285742.527365 continuing cmdq 0x55632c74bf90: flags=0, client=-1
1526285742.527376 cmdq 0x55632c74bf90: bind-key ' command-prompt -pindex "select-window -t ':%%'"
1526285742.527390 continuing cmdq 0x55632c74bf90: flags=0, client=-1
1526285742.527398 cmdq 0x55632c74bf90: bind-key ( switch-client -p
1526285742.527420 continuing cmdq 0x55632c74bf90: flags=0, client=-1
1526285742.527428 cmdq 0x55632c74bf90: bind-key ) switch-client -n
1526285742.527450 continuing cmdq 0x55632c74bf90: flags=0, client=-1
1526285742.527460 cmdq 0x55632c74bf90: bind-key , command-prompt -I#W "rename-window '%%'"
1526285742.527474 continuing cmdq 0x55632c74bf90: flags=0, client=-1
1526285742.527481 cmdq 0x55632c74bf90: bind-key - delete-buffer
1526285742.527496 continuing cmdq 0x55632c74bf90: flags=0, client=-1
1526285742.527505 cmdq 0x55632c74bf90: bind-key . command-prompt "move-window -t '%%'"
1526285742.527519 continuing cmdq 0x55632c74bf90: flags=0, client=-1
1526285742.527527 cmdq 0x55632c74bf90: bind-key 0 select-window -t:=0
1526285742.527545 continuing cmdq 0x55632c74bf90: flags=0, client=-1
1526285742.527554 cmdq 0x55632c74bf90: bind-key 1 select-window -t:=1
1526285742.527571 continuing cmdq 0x55632c74bf90: flags=0, client=-1
1526285742.527580 cmdq 0x55632c74bf90: bind-key 2 select-window -t:=2
1526285742.527597 continuing cmdq 0x55632c74bf90: flags=0, client=-1
1526285742.527605 cmdq 0x55632c74bf90: bind-key 3 select-window -t:=3
1526285742.527622 continuing cmdq 0x55632c74bf90: flags=0, client=-1
1526285742.527691 cmdq 0x55632c74bf90: bind-key 4 select-window -t:=4
1526285742.527717 continuing cmdq 0x55632c74bf90: flags=0, client=-1
1526285742.527726 cmdq 0x55632c74bf90: bind-key 5 select-window -t:=5
1526285742.527743 continuing cmdq 0x55632c74bf90: flags=0, client=-1
1526285742.527751 cmdq 0x55632c74bf90: bind-key 6 select-window -t:=6
1526285742.527769 continuing cmdq 0x55632c74bf90: flags=0, client=-1
1526285742.527777 cmdq 0x55632c74bf90: bind-key 7 select-window -t:=7
1526285742.527794 continuing cmdq 0x55632c74bf90: flags=0, client=-1
1526285742.527803 cmdq 0x55632c74bf90: bind-key 8 select-window -t:=8
1526285742.527820 continuing cmdq 0x55632c74bf90: flags=0, client=-1
1526285742.527828 cmdq 0x55632c74bf90: bind-key 9 select-window -t:=9
1526285742.527848 continuing cmdq 0x55632c74bf90: flags=0, client=-1
1526285742.527856 cmdq 0x55632c74bf90: bind-key : command-prompt
1526285742.527869 continuing cmdq 0x55632c74bf90: flags=0, client=-1
1526285742.527876 cmdq 0x55632c74bf90: bind-key ; last-pane
1526285742.527889 continuing cmdq 0x55632c74bf90: flags=0, client=-1
1526285742.527897 cmdq 0x55632c74bf90: bind-key = choose-buffer
1526285742.527915 continuing cmdq 0x55632c74bf90: flags=0, client=-1
1526285742.527923 cmdq 0x55632c74bf90: bind-key ? list-keys
1526285742.527937 continuing cmdq 0x55632c74bf90: flags=0, client=-1
1526285742.527944 cmdq 0x55632c74bf90: bind-key D choose-client
1526285742.527957 continuing cmdq 0x55632c74bf90: flags=0, client=-1
1526285742.527965 cmdq 0x55632c74bf90: bind-key L switch-client -l
1526285742.527985 continuing cmdq 0x55632c74bf90: flags=0, client=-1
1526285742.527993 cmdq 0x55632c74bf90: bind-key M select-pane -M
1526285742.528035 continuing cmdq 0x55632c74bf90: flags=0, client=-1
1526285742.528045 cmdq 0x55632c74bf90: bind-key [ copy-mode
1526285742.528057 continuing cmdq 0x55632c74bf90: flags=0, client=-1
1526285742.528064 cmdq 0x55632c74bf90: bind-key ] paste-buffer
1526285742.528079 continuing cmdq 0x55632c74bf90: flags=0, client=-1
1526285742.528086 cmdq 0x55632c74bf90: bind-key c new-window
1526285742.528100 continuing cmdq 0x55632c74bf90: flags=0, client=-1
1526285742.528108 cmdq 0x55632c74bf90: bind-key d detach-client
1526285742.528122 continuing cmdq 0x55632c74bf90: flags=0, client=-1
1526285742.528131 cmdq 0x55632c74bf90: bind-key f command-prompt "find-window '%%'"
1526285742.528144 continuing cmdq 0x55632c74bf90: flags=0, client=-1
1526285742.528152 cmdq 0x55632c74bf90: bind-key i display-message
1526285742.528164 continuing cmdq 0x55632c74bf90: flags=0, client=-1
1526285742.528172 cmdq 0x55632c74bf90: bind-key l last-window
1526285742.528186 continuing cmdq 0x55632c74bf90: flags=0, client=-1
1526285742.528194 cmdq 0x55632c74bf90: bind-key m select-pane -m
1526285742.528210 continuing cmdq 0x55632c74bf90: flags=0, client=-1
1526285742.528218 cmdq 0x55632c74bf90: bind-key n next-window
1526285742.528233 continuing cmdq 0x55632c74bf90: flags=0, client=-1
1526285742.528241 cmdq 0x55632c74bf90: bind-key o select-pane -t:.+
1526285742.528261 continuing cmdq 0x55632c74bf90: flags=0, client=-1
1526285742.528269 cmdq 0x55632c74bf90: bind-key p previous-window
1526285742.528285 continuing cmdq 0x55632c74bf90: flags=0, client=-1
1526285742.528293 cmdq 0x55632c74bf90: bind-key q display-panes
1526285742.528305 continuing cmdq 0x55632c74bf90: flags=0, client=-1
1526285742.528312 cmdq 0x55632c74bf90: bind-key r refresh-client
1526285742.528327 continuing cmdq 0x55632c74bf90: flags=0, client=-1
1526285742.528335 cmdq 0x55632c74bf90: bind-key s choose-tree
1526285742.528347 continuing cmdq 0x55632c74bf90: flags=0, client=-1
1526285742.528354 cmdq 0x55632c74bf90: bind-key t clock-mode
1526285742.528366 continuing cmdq 0x55632c74bf90: flags=0, client=-1
1526285742.528373 cmdq 0x55632c74bf90: bind-key w choose-window
1526285742.528388 continuing cmdq 0x55632c74bf90: flags=0, client=-1
1526285742.528399 cmdq 0x55632c74bf90: bind-key x confirm-before "-pkill-pane #P? (y/n)" kill-pane
1526285742.528413 continuing cmdq 0x55632c74bf90: flags=0, client=-1
1526285742.528421 cmdq 0x55632c74bf90: bind-key z resize-pane -Z
1526285742.528437 continuing cmdq 0x55632c74bf90: flags=0, client=-1
1526285742.528446 cmdq 0x55632c74bf90: bind-key { swap-pane -U
1526285742.528463 continuing cmdq 0x55632c74bf90: flags=0, client=-1
1526285742.528471 cmdq 0x55632c74bf90: bind-key } swap-pane -D
1526285742.528489 continuing cmdq 0x55632c74bf90: flags=0, client=-1
1526285742.528497 cmdq 0x55632c74bf90: bind-key ~ show-messages
1526285742.528514 continuing cmdq 0x55632c74bf90: flags=0, client=-1
1526285742.528523 cmdq 0x55632c74bf90: bind-key PPage copy-mode -u
1526285742.528538 continuing cmdq 0x55632c74bf90: flags=0, client=-1
1526285742.528547 cmdq 0x55632c74bf90: bind-key -r Up select-pane -U
1526285742.528567 continuing cmdq 0x55632c74bf90: flags=0, client=-1
1526285742.528575 cmdq 0x55632c74bf90: bind-key -r Down select-pane -D
1526285742.528594 continuing cmdq 0x55632c74bf90: flags=0, client=-1
1526285742.528603 cmdq 0x55632c74bf90: bind-key -r Left select-pane -L
1526285742.528622 continuing cmdq 0x55632c74bf90: flags=0, client=-1
1526285742.528630 cmdq 0x55632c74bf90: bind-key -r Right select-pane -R
1526285742.528650 continuing cmdq 0x55632c74bf90: flags=0, client=-1
1526285742.528672 cmdq 0x55632c74bf90: bind-key M-1 select-layout even-horizontal
1526285742.528692 continuing cmdq 0x55632c74bf90: flags=0, client=-1
1526285742.528701 cmdq 0x55632c74bf90: bind-key M-2 select-layout even-vertical
1526285742.528719 continuing cmdq 0x55632c74bf90: flags=0, client=-1
1526285742.528728 cmdq 0x55632c74bf90: bind-key M-3 select-layout main-horizontal
1526285742.528746 continuing cmdq 0x55632c74bf90: flags=0, client=-1
1526285742.528755 cmdq 0x55632c74bf90: bind-key M-4 select-layout main-vertical
1526285742.528773 continuing cmdq 0x55632c74bf90: flags=0, client=-1
1526285742.528781 cmdq 0x55632c74bf90: bind-key M-5 select-layout tiled
1526285742.528798 continuing cmdq 0x55632c74bf90: flags=0, client=-1
1526285742.528807 cmdq 0x55632c74bf90: bind-key M-n next-window -a
1526285742.528823 continuing cmdq 0x55632c74bf90: flags=0, client=-1
1526285742.528831 cmdq 0x55632c74bf90: bind-key M-o rotate-window -D
1526285742.528848 continuing cmdq 0x55632c74bf90: flags=0, client=-1
1526285742.528857 cmdq 0x55632c74bf90: bind-key M-p previous-window -a
1526285742.528875 continuing cmdq 0x55632c74bf90: flags=0, client=-1
1526285742.528884 cmdq 0x55632c74bf90: bind-key -r M-Up resize-pane -U 5
1526285742.528905 continuing cmdq 0x55632c74bf90: flags=0, client=-1
1526285742.528914 cmdq 0x55632c74bf90: bind-key -r M-Down resize-pane -D 5
1526285742.528934 continuing cmdq 0x55632c74bf90: flags=0, client=-1
1526285742.528944 cmdq 0x55632c74bf90: bind-key -r M-Left resize-pane -L 5
1526285742.528964 continuing cmdq 0x55632c74bf90: flags=0, client=-1
1526285742.528992 cmdq 0x55632c74bf90: bind-key -r M-Right resize-pane -R 5
1526285742.529017 continuing cmdq 0x55632c74bf90: flags=0, client=-1
1526285742.529026 cmdq 0x55632c74bf90: bind-key -r C-Up resize-pane -U
1526285742.529045 continuing cmdq 0x55632c74bf90: flags=0, client=-1
1526285742.529053 cmdq 0x55632c74bf90: bind-key -r C-Down resize-pane -D
1526285742.529073 continuing cmdq 0x55632c74bf90: flags=0, client=-1
1526285742.529085 cmdq 0x55632c74bf90: bind-key -r C-Left resize-pane -L
1526285742.529105 continuing cmdq 0x55632c74bf90: flags=0, client=-1
1526285742.529114 cmdq 0x55632c74bf90: bind-key -r C-Right resize-pane -R
1526285742.529134 continuing cmdq 0x55632c74bf90: flags=0, client=-1
1526285742.529145 cmdq 0x55632c74bf90: bind-key -n MouseDown1Pane select-pane -t=; send-keys -M
1526285742.529171 continuing cmdq 0x55632c74bf90: flags=0, client=-1
1526285742.529180 cmdq 0x55632c74bf90: bind-key -n MouseDrag1Border resize-pane -M
1526285742.529200 continuing cmdq 0x55632c74bf90: flags=0, client=-1
1526285742.529209 cmdq 0x55632c74bf90: bind-key -n MouseDown1Status select-window -t=
1526285742.529228 continuing cmdq 0x55632c74bf90: flags=0, client=-1
1526285742.529236 cmdq 0x55632c74bf90: bind-key -n WheelDownStatus next-window
1526285742.529254 continuing cmdq 0x55632c74bf90: flags=0, client=-1
1526285742.529263 cmdq 0x55632c74bf90: bind-key -n WheelUpStatus previous-window
1526285742.529290 continuing cmdq 0x55632c74bf90: flags=0, client=-1
1526285742.529307 cmdq 0x55632c74bf90: bind-key -n MouseDrag1Pane if -Ft= #{mouse_any_flag} "if -Ft= "#{pane_in_mode}" "copy-mode -M" "send-keys -M"" "copy-mode -M"
1526285742.529333 continuing cmdq 0x55632c74bf90: flags=0, client=-1
1526285742.529348 cmdq 0x55632c74bf90: bind-key -n MouseDown3Pane if-shell -Ft= #{mouse_any_flag} "select-pane -t=; send-keys -M" "select-pane -mt="
1526285742.529374 continuing cmdq 0x55632c74bf90: flags=0, client=-1
1526285742.529389 cmdq 0x55632c74bf90: bind-key -n WheelUpPane if-shell -Ft= #{mouse_any_flag} "send-keys -M" "if -Ft= "#{pane_in_mode}" "send-keys -M" "copy-mode -et=""
1526285742.529726 socket path /tmp/tmux-1000/default
1526285742.529812 new client 7
1526285742.529869 continuing cmdq 0x55632c74bf90: flags=0, client=-1
1526285742.529878 unref client 7 (2 references)
1526285742.529897 event dispatch enter
1526285742.529936 got 100 from client 7
1526285742.529943 got 101 from client 7
1526285742.529975 got 102 from client 7
1526285742.529987 got 103 from client 7
1526285742.529994 event dispatch exit
1526285742.529999 event dispatch enter
1526285742.530024 got 104 from client 7
1526285742.530030 event dispatch exit
1526285742.530035 event dispatch enter
1526285742.530051 got 107 from client 7
1526285742.530057 got 105 from client 7
1526285742.530063 got 105 from client 7
1526285742.530069 got 105 from client 7
1526285742.530074 got 105 from client 7
1526285742.530081 got 105 from client 7
1526285742.530087 got 105 from client 7
1526285742.530093 got 105 from client 7
1526285742.530099 got 105 from client 7
1526285742.530105 got 105 from client 7
1526285742.530110 got 105 from client 7
1526285742.530116 got 105 from client 7
1526285742.530122 got 105 from client 7
1526285742.530128 got 105 from client 7
1526285742.530134 got 105 from client 7
1526285742.530139 got 105 from client 7
1526285742.530145 got 105 from client 7
1526285742.530151 got 105 from client 7
1526285742.530157 got 105 from client 7
1526285742.530162 got 105 from client 7
1526285742.530168 got 105 from client 7
1526285742.530175 got 105 from client 7
1526285742.530181 got 105 from client 7
1526285742.530186 got 105 from client 7
1526285742.530192 got 106 from client 7
1526285742.530224 got 200 from client 7
1526285742.530241 continuing cmdq 0x55632c751900: flags=0, client=7
1526285742.530248 cmdq 0x55632c751900: new-session
1526285742.530260 new term: xterm
1526285742.530545 xterm override: XT 
1526285742.530561 xterm override: Ms \033]52;%p1%s;%p2%s\a
1526285742.530572 xterm override: Cs \033]12;%p1%s\a
1526285742.530583 xterm override: Cr \033]112\a
1526285742.530596 xterm override: Ss \033[%p1%d q
1526285742.530607 xterm override: Se \033[2 q
1526285742.530642 new key \033Oo: 0x103c (KP/)
1526285742.530649 new key \033Oj: 0x103d (KP*)
1526285742.530654 new key \033Om: 0x103e (KP-)
1526285742.530660 new key \033Ow: 0x103f (KP7)
1526285742.530665 new key \033Ox: 0x1040 (KP8)
1526285742.530671 new key \033Oy: 0x1041 (KP9)
1526285742.530676 new key \033Ok: 0x1042 (KP+)
1526285742.530681 new key \033Ot: 0x1043 (KP4)
1526285742.530686 new key \033Ou: 0x1044 (KP5)
1526285742.530691 new key \033Ov: 0x1045 (KP6)
1526285742.530697 new key \033Oq: 0x1046 (KP1)
1526285742.530702 new key \033Or: 0x1047 (KP2)
1526285742.530707 new key \033Os: 0x1048 (KP3)
1526285742.530713 new key \033OM: 0x1049 (KPEnter)
1526285742.530718 new key \033Op: 0x104a (KP0)
1526285742.530723 new key \033On: 0x104b (KP.)
1526285742.530729 new key \033OA: 0x1038 (Up)
1526285742.530734 new key \033OB: 0x1039 (Down)
1526285742.530740 new key \033OC: 0x103b (Right)
1526285742.530745 new key \033OD: 0x103a (Left)
1526285742.530751 new key \033[A: 0x1038 (Up)
1526285742.530756 new key \033[B: 0x1039 (Down)
1526285742.530762 new key \033[C: 0x103b (Right)
1526285742.530767 new key \033[D: 0x103a (Left)
1526285742.530772 new key \033OH: 0x1033 (Home)
1526285742.530778 new key \033OF: 0x1034 (End)
1526285742.530783 new key \033[H: 0x1033 (Home)
1526285742.530788 new key \033[F: 0x1034 (End)
1526285742.530794 new key \033Oa: 0x5038 (C-Up)
1526285742.530799 new key \033Ob: 0x5039 (C-Down)
1526285742.530805 new key \033Oc: 0x503b (C-Right)
1526285742.530810 new key \033Od: 0x503a (C-Left)
1526285742.530816 new key \033[a: 0x9038 (S-Up)
1526285742.530822 new key \033[b: 0x9039 (S-Down)
1526285742.530827 new key \033[c: 0x903b (S-Right)
1526285742.530832 new key \033[d: 0x903a (S-Left)
1526285742.530838 new key \033[11^: 0x5025 (C-F1)
1526285742.530844 new key \033[12^: 0x5026 (C-F2)
1526285742.530849 new key \033[13^: 0x5027 (C-F3)
1526285742.530855 new key \033[14^: 0x5028 (C-F4)
1526285742.530860 new key \033[15^: 0x5029 (C-F5)
1526285742.530866 new key \033[17^: 0x502a (C-F6)
1526285742.530872 new key \033[18^: 0x502b (C-F7)
1526285742.530877 new key \033[19^: 0x502c (C-F8)
1526285742.530883 new key \033[20^: 0x502d (C-F9)
1526285742.530888 new key \033[21^: 0x502e (C-F10)
1526285742.530894 new key \033[23^: 0x502f (C-F11)
1526285742.530899 new key \033[24^: 0x5030 (C-F12)
1526285742.530905 new key \033[2^: 0x5031 (C-IC)
1526285742.530917 new key \033[3^: 0x5032 (C-DC)
1526285742.530922 new key \033[7^: 0x5033 (C-Home)
1526285742.530928 new key \033[8^: 0x5034 (C-End)
1526285742.530957 new key \033[6^: 0x5035 (C-NPage)
1526285742.530967 new key \033[5^: 0x5036 (C-PPage)
1526285742.530973 new key \033[11$: 0x9025 (S-F1)
1526285742.530978 new key \033[12$: 0x9026 (S-F2)
1526285742.530983 new key \033[13$: 0x9027 (S-F3)
1526285742.530989 new key \033[14$: 0x9028 (S-F4)
1526285742.530994 new key \033[15$: 0x9029 (S-F5)
1526285742.531000 new key \033[17$: 0x902a (S-F6)
1526285742.531005 new key \033[18$: 0x902b (S-F7)
1526285742.531010 new key \033[19$: 0x902c (S-F8)
1526285742.531016 new key \033[20$: 0x902d (S-F9)
1526285742.531021 new key \033[21$: 0x902e (S-F10)
1526285742.531027 new key \033[23$: 0x902f (S-F11)
1526285742.531032 new key \033[24$: 0x9030 (S-F12)
1526285742.531037 new key \033[2$: 0x9031 (S-IC)
1526285742.531043 new key \033[3$: 0x9032 (S-DC)
1526285742.531048 new key \033[7$: 0x9033 (S-Home)
1526285742.531054 new key \033[8$: 0x9034 (S-End)
1526285742.531062 new key \033[6$: 0x9035 (S-NPage)
1526285742.531068 new key \033[5$: 0x9036 (S-PPage)
1526285742.531074 new key \033[11@: 0xd025 (C-S-F1)
1526285742.531080 new key \033[12@: 0xd026 (C-S-F2)
1526285742.531085 new key \033[13@: 0xd027 (C-S-F3)
1526285742.531091 new key \033[14@: 0xd028 (C-S-F4)
1526285742.531096 new key \033[15@: 0xd029 (C-S-F5)
1526285742.531102 new key \033[17@: 0xd02a (C-S-F6)
1526285742.531107 new key \033[18@: 0xd02b (C-S-F7)
1526285742.531112 new key \033[19@: 0xd02c (C-S-F8)
1526285742.531118 new key \033[20@: 0xd02d (C-S-F9)
1526285742.531123 new key \033[21@: 0xd02e (C-S-F10)
1526285742.531129 new key \033[23@: 0xd02f (C-S-F11)
1526285742.531135 new key \033[24@: 0xd030 (C-S-F12)
1526285742.531140 new key \033[2@: 0xd031 (C-S-IC)
1526285742.531146 new key \033[3@: 0xd032 (C-S-DC)
1526285742.531151 new key \033[7@: 0xd033 (C-S-Home)
1526285742.531157 new key \033[8@: 0xd034 (C-S-End)
1526285742.531163 new key \033[6@: 0xd035 (C-S-NPage)
1526285742.531168 new key \033[5@: 0xd036 (C-S-PPage)
1526285742.531174 new key \033[I: 0x1000 ((null))
1526285742.531180 new key \033[O: 0x1001 ((null))
1526285742.531185 new key \033OP: 0x1025 (F1)
1526285742.531191 new key \033OQ: 0x1026 (F2)
1526285742.531196 new key \033OR: 0x1027 (F3)
1526285742.531201 new key \033OS: 0x1028 (F4)
1526285742.531207 new key \033[15~: 0x1029 (F5)
1526285742.531212 new key \033[17~: 0x102a (F6)
1526285742.531217 new key \033[18~: 0x102b (F7)
1526285742.531223 new key \033[19~: 0x102c (F8)
1526285742.531230 new key \033[20~: 0x102d (F9)
1526285742.531236 new key \033[21~: 0x102e (F10)
1526285742.531241 new key \033[23~: 0x102f (F11)
1526285742.531246 new key \033[24~: 0x1030 (F12)
1526285742.531252 new key \033[1;2P: 0x9025 (S-F1)
1526285742.531258 new key \033[1;2Q: 0x9026 (S-F2)
1526285742.531263 new key \033[1;2R: 0x9027 (S-F3)
1526285742.531269 new key \033[1;2S: 0x9028 (S-F4)
1526285742.531275 new key \033[15;2~: 0x9029 (S-F5)
1526285742.531280 new key \033[17;2~: 0x902a (S-F6)
1526285742.531286 new key \033[18;2~: 0x902b (S-F7)
1526285742.531292 new key \033[19;2~: 0x902c (S-F8)
1526285742.531298 new key \033[20;2~: 0x902d (S-F9)
1526285742.531304 new key \033[21;2~: 0x902e (S-F10)
1526285742.531309 new key \033[23;2~: 0x902f (S-F11)
1526285742.531315 new key \033[24;2~: 0x9030 (S-F12)
1526285742.531321 new key \033[1;5P: 0x5025 (C-F1)
1526285742.531326 new key \033[1;5Q: 0x5026 (C-F2)
1526285742.531332 new key \033[1;5R: 0x5027 (C-F3)
1526285742.531337 new key \033[1;5S: 0x5028 (C-F4)
1526285742.531343 new key \033[15;5~: 0x5029 (C-F5)
1526285742.531349 new key \033[17;5~: 0x502a (C-F6)
1526285742.531354 new key \033[18;5~: 0x502b (C-F7)
1526285742.531361 new key \033[19;5~: 0x502c (C-F8)
1526285742.531367 new key \033[20;5~: 0x502d (C-F9)
1526285742.531373 new key \033[21;5~: 0x502e (C-F10)
1526285742.531379 new key \033[23;5~: 0x502f (C-F11)
1526285742.531384 new key \033[24;5~: 0x5030 (C-F12)
1526285742.531390 new key \033[1;6P: 0xd025 (C-S-F1)
1526285742.531396 new key \033[1;6Q: 0xd026 (C-S-F2)
1526285742.531406 new key \033[1;6R: 0xd027 (C-S-F3)
1526285742.531412 new key \033[1;6S: 0xd028 (C-S-F4)
1526285742.531418 new key \033[15;6~: 0xd029 (C-S-F5)
1526285742.531424 new key \033[17;6~: 0xd02a (C-S-F6)
1526285742.531429 new key \033[18;6~: 0xd02b (C-S-F7)
1526285742.531435 new key \033[19;6~: 0xd02c (C-S-F8)
1526285742.531441 new key \033[20;6~: 0xd02d (C-S-F9)
1526285742.531446 new key \033[21;6~: 0xd02e (C-S-F10)
1526285742.531452 new key \033[23;6~: 0xd02f (C-S-F11)
1526285742.531458 new key \033[24;6~: 0xd030 (C-S-F12)
1526285742.531463 new key \033[1;3P: 0x3025 (M-F1)
1526285742.531469 new key \033[1;3Q: 0x3026 (M-F2)
1526285742.531475 new key \033[1;3R: 0x3027 (M-F3)
1526285742.531480 new key \033[1;3S: 0x3028 (M-F4)
1526285742.531486 new key \033[15;3~: 0x3029 (M-F5)
1526285742.531491 new key \033[17;3~: 0x302a (M-F6)
1526285742.531500 new key \033[18;3~: 0x302b (M-F7)
1526285742.531506 new key \033[19;3~: 0x302c (M-F8)
1526285742.531512 new key \033[20;3~: 0x302d (M-F9)
1526285742.531517 new key \033[21;3~: 0x302e (M-F10)
1526285742.531523 new key \033[23;3~: 0x302f (M-F11)
1526285742.531529 new key \033[24;3~: 0x3030 (M-F12)
1526285742.531534 new key \033[1;4P: 0xb025 (M-S-F1)
1526285742.531540 new key \033[1;4Q: 0xb026 (M-S-F2)
1526285742.531546 new key \033[1;4R: 0xb027 (M-S-F3)
1526285742.531551 new key \033[2~: 0x1031 (IC)
1526285742.531557 new key \033[3~: 0x1032 (DC)
1526285742.531563 replacing key \033OH: 0x1033 (Home)
1526285742.531568 replacing key \033OF: 0x1034 (End)
1526285742.531574 new key \033[6~: 0x1035 (NPage)
1526285742.531579 new key \033[5~: 0x1036 (PPage)
1526285742.531585 new key \033[Z: 0x1037 (BTab)
1526285742.531590 replacing key \033OA: 0x1038 (Up)
1526285742.531596 replacing key \033OB: 0x1039 (Down)
1526285742.531601 replacing key \033OD: 0x103a (Left)
1526285742.531607 replacing key \033OC: 0x103b (Right)
1526285742.531612 new key \033[3;2~: 0x9032 (S-DC)
1526285742.531618 new key \033[3;3~: 0x3032 (M-DC)
1526285742.531624 new key \033[3;4~: 0xb032 (M-S-DC)
1526285742.531712 new key \033[3;5~: 0x5032 (C-DC)
1526285742.531725 new key \033[3;6~: 0xd032 (C-S-DC)
1526285742.531731 new key \033[3;7~: 0x7032 (C-M-DC)
1526285742.531737 new key \033[1;2B: 0x9039 (S-Down)
1526285742.531746 new key \033[1;3B: 0x3039 (M-Down)
1526285742.531753 new key \033[1;4B: 0xb039 (M-S-Down)
1526285742.531759 new key \033[1;5B: 0x5039 (C-Down)
1526285742.531765 new key \033[1;6B: 0xd039 (C-S-Down)
1526285742.531770 new key \033[1;7B: 0x7039 (C-M-Down)
1526285742.531776 new key \033[1;2F: 0x9034 (S-End)
1526285742.531782 new key \033[1;3F: 0x3034 (M-End)
1526285742.531787 new key \033[1;4F: 0xb034 (M-S-End)
1526285742.531793 new key \033[1;5F: 0x5034 (C-End)
1526285742.531799 new key \033[1;6F: 0xd034 (C-S-End)
1526285742.531804 new key \033[1;7F: 0x7034 (C-M-End)
1526285742.531810 new key \033[1;2H: 0x9033 (S-Home)
1526285742.531816 new key \033[1;3H: 0x3033 (M-Home)
1526285742.531821 new key \033[1;4H: 0xb033 (M-S-Home)
1526285742.531827 new key \033[1;5H: 0x5033 (C-Home)
1526285742.531833 new key \033[1;6H: 0xd033 (C-S-Home)
1526285742.531839 new key \033[1;7H: 0x7033 (C-M-Home)
1526285742.531844 new key \033[2;2~: 0x9031 (S-IC)
1526285742.531850 new key \033[2;3~: 0x3031 (M-IC)
1526285742.531856 new key \033[2;4~: 0xb031 (M-S-IC)
1526285742.531862 new key \033[2;5~: 0x5031 (C-IC)
1526285742.531867 new key \033[2;6~: 0xd031 (C-S-IC)
1526285742.531873 new key \033[2;7~: 0x7031 (C-M-IC)
1526285742.531879 new key \033[1;2D: 0x903a (S-Left)
1526285742.531885 new key \033[1;3D: 0x303a (M-Left)
1526285742.531891 new key \033[1;4D: 0xb03a (M-S-Left)
1526285742.531918 new key \033[1;5D: 0x503a (C-Left)
1526285742.531928 new key \033[1;6D: 0xd03a (C-S-Left)
1526285742.531934 new key \033[1;7D: 0x703a (C-M-Left)
1526285742.531940 new key \033[6;2~: 0x9035 (S-NPage)
1526285742.531946 new key \033[6;3~: 0x3035 (M-NPage)
1526285742.531952 new key \033[6;4~: 0xb035 (M-S-NPage)
1526285742.531958 new key \033[6;5~: 0x5035 (C-NPage)
1526285742.531964 new key \033[6;6~: 0xd035 (C-S-NPage)
1526285742.531975 new key \033[6;7~: 0x7035 (C-M-NPage)
1526285742.531981 new key \033[5;2~: 0x9036 (S-PPage)
1526285742.531987 new key \033[5;3~: 0x3036 (M-PPage)
1526285742.531993 new key \033[5;4~: 0xb036 (M-S-PPage)
1526285742.531999 new key \033[5;5~: 0x5036 (C-PPage)
1526285742.532005 new key \033[5;6~: 0xd036 (C-S-PPage)
1526285742.532010 new key \033[5;7~: 0x7036 (C-M-PPage)
1526285742.532016 new key \033[1;2C: 0x903b (S-Right)
1526285742.532022 new key \033[1;3C: 0x303b (M-Right)
1526285742.532028 new key \033[1;4C: 0xb03b (M-S-Right)
1526285742.532034 new key \033[1;5C: 0x503b (C-Right)
1526285742.532040 new key \033[1;6C: 0xd03b (C-S-Right)
1526285742.532046 new key \033[1;7C: 0x703b (C-M-Right)
1526285742.532052 new key \033[1;2A: 0x9038 (S-Up)
1526285742.532057 new key \033[1;3A: 0x3038 (M-Up)
1526285742.532065 new key \033[1;4A: 0xb038 (M-S-Up)
1526285742.532071 new key \033[1;5A: 0x5038 (C-Up)
1526285742.532077 new key \033[1;6A: 0xd038 (C-S-Up)
1526285742.532083 new key \033[1;7A: 0x7038 (C-M-Up)
1526285742.532143 @0 alerts flags added 0x2
1526285742.532156 spawn: /bin/zsh -- 
1526285742.537137 @0 alerts timer reset 0
1526285742.537198 session 0 created
1526285742.537223 writing 207 to client 7
1526285742.537246 client 7, status interval 15
1526285742.537338 session 0 has 3 references
1526285742.537344 session 0 has 2 references
1526285742.537408 unref client 7 (2 references)
1526285742.537423 event dispatch exit
1526285742.537663 format '[#S] ' -> '[0] '
1526285742.537964 format ' "#{=21:pane_title}" 17:15 14- 5\346\234\210-18' -> ' "vagrant" 17:15 14- 5\346\234\210-18'
1526285742.538146 format '#{window_flags}' -> '*'
1526285742.538158 format '#I:#W#{?window_flags,#{window_flags}, }' -> '0:zsh*'
1526285742.538532 @0 active pane not changed
1526285742.538549 event dispatch enter
1526285742.539568 event dispatch exit
1526285742.539582 @0 active pane not changed
1526285742.539588 event dispatch enter
1526285742.539621 got 208 from client 7
1526285742.539628 event dispatch exit
1526285742.539635 @0 active pane not changed
1526285742.539640 event dispatch enter
1526285742.781921 %0 has 116 bytes
1526285742.781932 @0 alerts timer reset 0
1526285742.781942 input_parse: %0 ground, 116 bytes: \033[1m\033[3m%\033[23m\033[1m\033[0m                                                                                           \r \r
1526285742.781950 input_csi_dispatch: 'm' "" "1"
1526285742.781956 input_csi_dispatch: 'm' "" "3"
1526285742.781971 input_csi_dispatch: 'm' "" "23"
1526285742.781975 input_csi_dispatch: 'm' "" "1"
1526285742.781979 input_csi_dispatch: 'm' "" "0"
1526285742.782052 input_c0_dispatch: '\r'
1526285742.782057 input_c0_dispatch: '\r'
1526285742.782061 event dispatch exit
1526285742.782068 @0 active pane changed
1526285742.782127 format '#{pane_current_command}' -> 'zsh'
1526285742.782132 format '' -> ''
1526285742.782136 format '#{?pane_in_mode,[tmux],#{pane_current_command}}#{?pane_dead,[dead],}' -> 'zsh'
1526285742.782145 @0 name not changed (still zsh)
1526285742.782148 event dispatch enter
1526285742.782355 event dispatch exit
1526285742.782366 @0 active pane not changed
1526285742.782370 event dispatch enter
1526285742.850720 %0 has 63 bytes
1526285742.850738 @0 alerts timer reset 0
1526285742.850746 input_parse: %0 ground, 63 bytes: \r\033[0m\033[23m\033[24m\033[J\033[32mvagrant\033[00m@\033[34mvagrant\033[00m(17:15:42)
1526285742.850750 input_c0_dispatch: '\r'
1526285742.850756 input_csi_dispatch: 'm' "" "0"
1526285742.850761 input_csi_dispatch: 'm' "" "23"
1526285742.850765 input_csi_dispatch: 'm' "" "24"
1526285742.850769 input_csi_dispatch: 'J' "" ""
1526285742.850808 input_csi_dispatch: 'm' "" "32"
1526285742.850820 input_csi_dispatch: 'm' "" "00"
1526285742.850825 input_csi_dispatch: 'm' "" "34"
1526285742.850836 input_csi_dispatch: 'm' "" "00"
1526285742.850848 event dispatch exit
1526285742.850855 @0 active pane changed
1526285742.850859 @0 name timer queued (431213 left)
1526285742.850862 event dispatch enter
1526285742.851094 event dispatch exit
1526285742.851107 @0 active pane changed
1526285742.851122 @0 name timer already queued (430951 left)
1526285742.851125 event dispatch enter
1526285742.851229 %0 has 80 bytes
1526285742.851238 @0 alerts timer reset 0
1526285742.851250 input_parse: %0 ground, 80 bytes: \r\n% \033[K\033[51C\033[34m[~/rails_workspace/hello_app]\033[00m\033[32m\033[31m+[master]\033[39m\033[89D
1526285742.851256 input_c0_dispatch: '\r'
1526285742.851421 input_c0_dispatch: '\n'
1526285742.851438 input_csi_dispatch: 'K' "" ""
1526285742.851447 input_csi_dispatch: 'C' "" "51"
1526285742.851453 input_csi_dispatch: 'm' "" "34"
1526285742.851507 input_csi_dispatch: 'm' "" "00"
1526285742.851512 input_csi_dispatch: 'm' "" "32"
1526285742.851516 input_csi_dispatch: 'm' "" "31"
1526285742.851530 input_csi_dispatch: 'm' "" "39"
1526285742.851534 input_csi_dispatch: 'D' "" "89"
1526285742.851538 event dispatch exit
1526285742.851546 @0 active pane changed
1526285742.851550 @0 name timer already queued (430522 left)
1526285742.851553 event dispatch enter
1526285742.852114 event dispatch exit
1526285742.852129 @0 active pane changed
1526285742.852136 @0 name timer already queued (429938 left)
1526285742.852140 event dispatch enter
1526285742.852156 %0 has 15 bytes
1526285742.852163 @0 alerts timer reset 0
1526285742.852170 input_parse: %0 ground, 15 bytes: \033[?1h\033=\033[?2004h
1526285742.852177 input_csi_dispatch: 'h' "?" "1"
1526285742.852183 input_esc_dispatch: '=', 
1526285742.852189 input_csi_dispatch: 'h' "?" "2004"
1526285742.852209 event dispatch exit
1526285742.852214 @0 active pane changed
1526285742.852218 @0 name timer already queued (429853 left)
1526285742.852222 event dispatch enter
1526285742.852352 event dispatch exit
1526285742.852364 @0 active pane changed
1526285742.852390 @0 name timer already queued (429683 left)
1526285742.852395 event dispatch enter
1526285743.283344 @0 name timer expired
1526285743.283400 event dispatch exit
1526285743.283427 @0 active pane changed
1526285743.283729 format '#{pane_current_command}' -> 'zsh'
1526285743.283749 format '' -> ''
1526285743.283766 format '#{?pane_in_mode,[tmux],#{pane_current_command}}#{?pane_dead,[dead],}' -> 'zsh'
1526285743.283800 @0 name not changed (still zsh)
1526285743.283812 event dispatch enter
1526285745.674673 keys are 1 (w)
1526285745.674725 complete key w 0x77
1526285745.674747 session 0 not pasting
1526285745.674776 writing key 0x77 (w)
1526285745.674798 event dispatch exit
1526285745.674874 @0 active pane not changed
1526285745.674897 event dispatch enter
1526285745.675113 event dispatch exit
1526285745.675138 @0 active pane not changed
1526285745.675149 event dispatch enter
1526285745.675182 %0 has 1 bytes
1526285745.675197 @0 alerts timer reset 0
1526285745.675212 input_parse: %0 ground, 1 bytes: w
1526285745.675253 event dispatch exit
1526285745.675274 @0 active pane changed
1526285745.675498 format '#{pane_current_command}' -> 'zsh'
1526285745.675516 format '' -> ''
1526285745.675534 format '#{?pane_in_mode,[tmux],#{pane_current_command}}#{?pane_dead,[dead],}' -> 'zsh'
1526285745.675566 @0 name not changed (still zsh)
1526285745.675577 event dispatch enter
1526285745.676123 event dispatch exit
1526285745.676162 @0 active pane not changed
1526285745.676175 event dispatch enter
1526285746.542024 keys are 1 (\b)
1526285746.542062 complete key \b 0x1024
1526285746.542079 session 0 not pasting
1526285746.542094 writing key 0x1024 (BSpace)
1526285746.542104 found key 0x1024: "\177"
1526285746.542119 event dispatch exit
1526285746.542134 @0 active pane not changed
1526285746.542142 event dispatch enter
1526285746.542254 event dispatch exit
1526285746.542271 @0 active pane not changed
1526285746.542278 event dispatch enter
1526285746.542301 %0 has 3 bytes
1526285746.542312 @0 alerts timer reset 0
1526285746.542324 input_parse: %0 ground, 3 bytes: \b \b
1526285746.542333 input_c0_dispatch: '\b'
1526285746.542409 input_c0_dispatch: '\b'
1526285746.542427 event dispatch exit
1526285746.542444 @0 active pane changed
1526285746.542616 format '#{pane_current_command}' -> 'zsh'
1526285746.542630 format '' -> ''
1526285746.542658 format '#{?pane_in_mode,[tmux],#{pane_current_command}}#{?pane_dead,[dead],}' -> 'zsh'
1526285746.542684 @0 name not changed (still zsh)
1526285746.542692 event dispatch enter
1526285746.542983 event dispatch exit
1526285746.543009 @0 active pane not changed
1526285746.543018 event dispatch enter
1526285748.170212 keys are 1 (\002)
1526285748.171391 complete key \002 0x2
1526285748.171426 session 0 not pasting
1526285748.171455 event dispatch exit
1526285748.171813 format '[#S] ' -> '[0] '
1526285748.172209 format ' "#{=21:pane_title}" 17:15 14- 5\346\234\210-18' -> ' "vagrant" 17:15 14- 5\346\234\210-18'
1526285748.172524 format '#{window_flags}' -> '*'
1526285748.172542 format '#I:#W#{?window_flags,#{window_flags}, }' -> '0:zsh*'
1526285748.172628 @0 active pane not changed
1526285748.172641 event dispatch enter
1526285748.373850 keys are 1 (x)
1526285748.373882 complete key x 0x78
1526285748.373896 session 0 not pasting
1526285748.373918 continuing cmdq 0x55632c751900: flags=0, client=7
1526285748.373933 cmdq 0x55632c751900: confirm-before -p "kill-pane #P? (y/n)" kill-pane
1526285748.374116 format 'kill-pane #P? (y/n) ' -> 'kill-pane 0? (y/n) '
1526285748.374148 event dispatch exit
1526285748.374251 @0 active pane not changed
1526285748.374258 event dispatch enter
1526285748.374522 event dispatch exit
1526285748.374543 @0 active pane not changed
1526285748.374550 event dispatch enter
1526285748.705421 keys are 1 (y)
1526285748.705471 complete key y 0x79
1526285748.705584 continuing cmdq 0x55632c751900: flags=0, client=7
1526285748.705609 cmdq 0x55632c751900: kill-pane
1526285748.705624 cmd_find_pane: target none
1526285748.705633 \ts=$0
1526285748.705644 \twl=0 1 w=@0 zsh
1526285748.705653 \twp=%0
1526285748.705661 \tidx=0
1526285748.705677 session 0 destroyed
1526285748.705698 session 0 has 3 references
1526285748.705717 session 0 has 2 references
1526285748.709101 session 0 has 1 references
1526285748.709111 unref client 7 (2 references)
1526285748.709118 event dispatch exit
1526285748.709122 writing 203 to client 7
1526285748.709128 event dispatch enter
1526285748.709148 session 0 freed (0 references)
1526285748.709151 event dispatch exit
1526285748.709154 event dispatch enter
1526285748.709249 got 205 from client 7
1526285748.709798 writing 204 to client 7
1526285748.709813 event dispatch exit
1526285748.709818 event dispatch enter
1526285748.709833 event dispatch exit
1526285748.709837 event dispatch enter
1526285748.713070 lost client 7
1526285748.713104 unref client 7 (1 references)
1526285748.713140 event dispatch exit
